Build started 6/22/2017 1:56:04 PM.
     1>Project "C:\Users\127464\Documents\GitHub\stroustrup-ppp\chapter04 Computation\chapter04_try_this_for_loop_char\chapter04_try_this_for_loop_char\chapter04_try_this_for_loop_char.vcxproj" on node 2 (build target(s)).
     1>InitializeBuildStatus:
         Creating "Debug\chapter04_try_this_for_loop_char.unsuccessfulbuild" because "AlwaysCreate" was specified.
       ClCompile:
         All outputs are up-to-date.
         c:\Program Files (x86)\Microsoft Visual Studio 10.0\VC\bin\CL.exe /c /ZI /nologo /W3 /WX- /Od /Oy- /D WIN32 /D _DEBUG /D _CONSOLE /D _UNICODE /D UNICODE /Gm /EHsc /RTC1 /MDd /GS /fp:precise /Zc:wchar_t /Zc:forScope /Yu"StdAfx.h" /Fp"Debug\chapter04_try_this_for_loop_char.pch" /Fo"Debug\\" /Fd"Debug\vc100.pdb" /Gd /TP /analyze- /errorReport:prompt chapter04_try_this_for_loop_char.cpp
         chapter04_try_this_for_loop_char.cpp
       ManifestResourceCompile:
         All outputs are up-to-date.
       Link:
         c:\Program Files (x86)\Microsoft Visual Studio 10.0\VC\bin\link.exe /ERRORREPORT:PROMPT /OUT:"C:\Users\127464\Documents\GitHub\stroustrup-ppp\chapter04 Computation\chapter04_try_this_for_loop_char\Debug\chapter04_try_this_for_loop_char.exe" /INCREMENTAL /NOLOGO kernel32.lib user32.lib gdi32.lib winspool.lib comdlg32.lib advapi32.lib shell32.lib ole32.lib oleaut32.lib uuid.lib odbc32.lib odbccp32.lib /MANIFEST /ManifestFile:"Debug\chapter04_try_this_for_loop_char.exe.intermediate.manifest" /MANIFESTUAC:"level='asInvoker' uiAccess='false'" /DEBUG /PDB:"C:\Users\127464\Documents\GitHub\stroustrup-ppp\chapter04 Computation\chapter04_try_this_for_loop_char\Debug\chapter04_try_this_for_loop_char.pdb" /SUBSYSTEM:CONSOLE /TLBID:1 /DYNAMICBASE /NXCOMPAT /IMPLIB:"C:\Users\127464\Documents\GitHub\stroustrup-ppp\chapter04 Computation\chapter04_try_this_for_loop_char\Debug\chapter04_try_this_for_loop_char.lib" /MACHINE:X86 Debug\chapter04_try_this_for_loop_char.exe.embed.manifest.res
         Debug\chapter04_try_this_for_loop_char.obj
         Debug\stdafx.obj
     1>LINK : fatal error LNK1168: cannot open C:\Users\127464\Documents\GitHub\stroustrup-ppp\chapter04 Computation\chapter04_try_this_for_loop_char\Debug\chapter04_try_this_for_loop_char.exe for writing
     1>Done Building Project "C:\Users\127464\Documents\GitHub\stroustrup-ppp\chapter04 Computation\chapter04_try_this_for_loop_char\chapter04_try_this_for_loop_char\chapter04_try_this_for_loop_char.vcxproj" (build target(s)) -- FAILED.

Build FAILED.

Time Elapsed 00:00:00.51
